# JRE version: Java(TM) SE Runtime Environment (7.0_79-b15) (build 1.7.0_79-b15)
# Java VM: Java HotSpot(TM) 64-Bit Server VM (24.79-b02 mixed mode bsd-amd64 compressed oops)
Heap
 PSYoungGen      total 1021440K, used 947712K [0x00000007aaa80000, 0x00000007fd480000, 0x0000000800000000)
  eden space 947712K, 100% used [0x00000007aaa80000,0x00000007e4800000,0x00000007e4800000)
  from space 73728K, 0% used [0x00000007f7000000,0x00000007f7000000,0x00000007fb800000)
  to   space 29184K, 99% used [0x00000007fb800000,0x00000007fd47e340,0x00000007fd480000)
 ParOldGen       total 371200K, used 230631K [0x0000000700000000, 0x0000000716a80000, 0x00000007aaa80000)
  object space 371200K, 62% used [0x0000000700000000,0x000000070e139fb0,0x0000000716a80000)
 PSPermGen       total 83968K, used 66492K [0x00000006fae00000, 0x0000000700000000, 0x0000000700000000)
  object space 83968K, 79% used [0x00000006fae00000,0x00000006feeef090,0x0000000700000000)
GC Heap History (10 events):
Event: 9.793 GC heap after
Heap after GC invocations=8 (full 0):
 PSYoungGen      total 1073664K, used 29447K [0x00000007aaa80000, 0x00000007eee80000, 0x0000000800000000)
  eden space 1042944K, 0% used [0x00000007aaa80000,0x00000007aaa80000,0x00000007ea500000)
  from space 30720K, 95% used [0x00000007ec780000,0x00000007ee441cb8,0x00000007ee580000)
  to   space 35328K, 0% used [0x00000007ea500000,0x00000007ea500000,0x00000007ec780000)
 ParOldGen       total 174592K, used 22035K [0x0000000700000000, 0x000000070aa80000, 0x00000007aaa80000)
  object space 174592K, 12% used [0x0000000700000000,0x0000000701584cf0,0x000000070aa80000)
 PSPermGen       total 47104K, used 46731K [0x00000006fae00000, 0x00000006fdc00000, 0x0000000700000000)
  object space 47104K, 99% used [0x00000006fae00000,0x00000006fdba2ed8,0x00000006fdc00000)
}
Event: 39.419 GC heap before
{Heap before GC invocations=9 (full 0):
 PSYoungGen      total 1073664K, used 1072391K [0x00000007aaa80000, 0x00000007eee80000, 0x0000000800000000)
  eden space 1042944K, 100% used [0x00000007aaa80000,0x00000007ea500000,0x00000007ea500000)
  from space 30720K, 95% used [0x00000007ec780000,0x00000007ee441cb8,0x00000007ee580000)
  to   space 35328K, 0% used [0x00000007ea500000,0x00000007ea500000,0x00000007ec780000)
 ParOldGen       total 174592K, used 22035K [0x0000000700000000, 0x000000070aa80000, 0x00000007aaa80000)
  object space 174592K, 12% used [0x0000000700000000,0x0000000701584cf0,0x000000070aa80000)
 PSPermGen       total 60928K, used 60546K [0x00000006fae00000, 0x00000006fe980000, 0x0000000700000000)
  object space 60928K, 99% used [0x00000006fae00000,0x00000006fe920888,0x00000006fe980000)
Event: 39.470 GC heap after
Heap after GC invocations=9 (full 0):
 PSYoungGen      total 1078272K, used 35321K [0x00000007aaa80000, 0x0000000800000000, 0x0000000800000000)
  eden space 1042944K, 0% used [0x00000007aaa80000,0x00000007aaa80000,0x00000007ea500000)
  from space 35328K, 99% used [0x00000007ea500000,0x00000007ec77e540,0x00000007ec780000)
  to   space 45056K, 0% used [0x00000007fd400000,0x00000007fd400000,0x0000000800000000)
 ParOldGen       total 174592K, used 32656K [0x0000000700000000, 0x000000070aa80000, 0x00000007aaa80000)
  object space 174592K, 18% used [0x0000000700000000,0x0000000701fe4340,0x000000070aa80000)
 PSPermGen       total 60928K, used 60546K [0x00000006fae00000, 0x00000006fe980000, 0x0000000700000000)
  object space 60928K, 99% used [0x00000006fae00000,0x00000006fe920888,0x00000006fe980000)
}
Event: 1309.031 GC heap before
{Heap before GC invocations=10 (full 0):
 PSYoungGen      total 1078272K, used 1078265K [0x00000007aaa80000, 0x0000000800000000, 0x0000000800000000)
  eden space 1042944K, 100% used [0x00000007aaa80000,0x00000007ea500000,0x00000007ea500000)
  from space 35328K, 99% used [0x00000007ea500000,0x00000007ec77e540,0x00000007ec780000)
  to   space 45056K, 0% used [0x00000007fd400000,0x00000007fd400000,0x0000000800000000)
 ParOldGen       total 174592K, used 32656K [0x0000000700000000, 0x000000070aa80000, 0x00000007aaa80000)
  object space 174592K, 18% used [0x0000000700000000,0x0000000701fe4340,0x000000070aa80000)
 PSPermGen       total 67072K, used 66759K [0x00000006fae00000, 0x00000006fef80000, 0x0000000700000000)
  object space 67072K, 99% used [0x00000006fae00000,0x00000006fef31e00,0x00000006fef80000)
Event: 1309.438 GC heap after
Heap after GC invocations=10 (full 0):
 PSYoungGen      total 1039360K, used 45028K [0x00000007aaa80000, 0x0000000800000000, 0x0000000800000000)
  eden space 994304K, 0% used [0x00000007aaa80000,0x00000007aaa80000,0x00000007e7580000)
  from space 45056K, 99% used [0x00000007fd400000,0x00000007ffff9040,0x0000000800000000)
  to   space 73728K, 0% used [0x00000007f7000000,0x00000007f7000000,0x00000007fb800000)
 ParOldGen       total 174592K, used 90975K [0x0000000700000000, 0x000000070aa80000, 0x00000007aaa80000)
  object space 174592K, 52% used [0x0000000700000000,0x00000007058d7f90,0x000000070aa80000)
 PSPermGen       total 67072K, used 66759K [0x00000006fae00000, 0x00000006fef80000, 0x0000000700000000)
  object space 67072K, 99% used [0x00000006fae00000,0x00000006fef31e00,0x00000006fef80000)
}
Event: 58338.999 GC heap before
{Heap before GC invocations=11 (full 0):
 PSYoungGen      total 1039360K, used 1039332K [0x00000007aaa80000, 0x0000000800000000, 0x0000000800000000)
  eden space 994304K, 100% used [0x00000007aaa80000,0x00000007e7580000,0x00000007e7580000)
  from space 45056K, 99% used [0x00000007fd400000,0x00000007ffff9040,0x0000000800000000)
  to   space 73728K, 0% used [0x00000007f7000000,0x00000007f7000000,0x00000007fb800000)
 ParOldGen       total 174592K, used 90975K [0x0000000700000000, 0x000000070aa80000, 0x00000007aaa80000)
  object space 174592K, 52% used [0x0000000700000000,0x00000007058d7f90,0x000000070aa80000)
 PSPermGen       total 67072K, used 66945K [0x00000006fae00000, 0x00000006fef80000, 0x0000000700000000)
  object space 67072K, 99% used [0x00000006fae00000,0x00000006fef60520,0x00000006fef80000)
Event: 58340.114 GC heap after
Heap after GC invocations=11 (full 0):
 PSYoungGen      total 1021440K, used 73707K [0x00000007aaa80000, 0x00000007fd480000, 0x0000000800000000)
  eden space 947712K, 0% used [0x00000007aaa80000,0x00000007aaa80000,0x00000007e4800000)
  from space 73728K, 99% used [0x00000007f7000000,0x00000007fb7fac10,0x00000007fb800000)
  to   space 29184K, 0% used [0x00000007fb800000,0x00000007fb800000,0x00000007fd480000)
 ParOldGen       total 232448K, used 232107K [0x0000000700000000, 0x000000070e300000, 0x00000007aaa80000)
  object space 232448K, 99% used [0x0000000700000000,0x000000070e2aad48,0x000000070e300000)
 PSPermGen       total 67072K, used 66945K [0x00000006fae00000, 0x00000006fef80000, 0x0000000700000000)
  object space 67072K, 99% used [0x00000006fae00000,0x00000006fef60520,0x00000006fef80000)
}
Event: 58340.116 GC heap before
{Heap before GC invocations=12 (full 1):
 PSYoungGen      total 1021440K, used 73707K [0x00000007aaa80000, 0x00000007fd480000, 0x0000000800000000)
  eden space 947712K, 0% used [0x00000007aaa80000,0x00000007aaa80000,0x00000007e4800000)
  from space 73728K, 99% used [0x00000007f7000000,0x00000007fb7fac10,0x00000007fb800000)
  to   space 29184K, 0% used [0x00000007fb800000,0x00000007fb800000,0x00000007fd480000)
 ParOldGen       total 232448K, used 232107K [0x0000000700000000, 0x000000070e300000, 0x00000007aaa80000)
  object space 232448K, 99% used [0x0000000700000000,0x000000070e2aad48,0x000000070e300000)
 PSPermGen       total 67072K, used 66945K [0x00000006fae00000, 0x00000006fef80000, 0x0000000700000000)
  object space 67072K, 99% used [0x00000006fae00000,0x00000006fef60520,0x00000006fef80000)
Event: 58340.804 GC heap after
Heap after GC invocations=12 (full 1):
 PSYoungGen      total 1021440K, used 0K [0x00000007aaa80000, 0x00000007fd480000, 0x0000000800000000)
  eden space 947712K, 0% used [0x00000007aaa80000,0x00000007aaa80000,0x00000007e4800000)
  from space 73728K, 0% used [0x00000007f7000000,0x00000007f7000000,0x00000007fb800000)
  to   space 29184K, 0% used [0x00000007fb800000,0x00000007fb800000,0x00000007fd480000)
 ParOldGen       total 371200K, used 228134K [0x0000000700000000, 0x0000000716a80000, 0x00000007aaa80000)
  object space 371200K, 61% used [0x0000000700000000,0x000000070dec99a0,0x0000000716a80000)
 PSPermGen       total 83968K, used 66449K [0x00000006fae00000, 0x0000000700000000, 0x0000000700000000)
  object space 83968K, 79% used [0x00000006fae00000,0x00000006feee4450,0x0000000700000000)
}
Event: 62617.373 GC heap before
{Heap before GC invocations=13 (full 1):
 PSYoungGen      total 1021440K, used 947712K [0x00000007aaa80000, 0x00000007fd480000, 0x0000000800000000)
  eden space 947712K, 100% used [0x00000007aaa80000,0x00000007e4800000,0x00000007e4800000)
  from space 73728K, 0% used [0x00000007f7000000,0x00000007f7000000,0x00000007fb800000)
  to   space 29184K, 0% used [0x00000007fb800000,0x00000007fb800000,0x00000007fd480000)
 ParOldGen       total 371200K, used 228134K [0x0000000700000000, 0x0000000716a80000, 0x00000007aaa80000)
  object space 371200K, 61% used [0x0000000700000000,0x000000070dec99a0,0x0000000716a80000)
 PSPermGen       total 83968K, used 66492K [0x00000006fae00000, 0x0000000700000000, 0x0000000700000000)
  object space 83968K, 79% used [0x00000006fae00000,0x00000006feeef090,0x0000000700000000)

